<?xml version="1.0" encoding="UTF-8"?>
<!-- Generated by org.testng.reporters.JUnitXMLReporter -->
<testsuite ignored="3" hostname="DESKTOP-02HTNM8" failures="0" tests="2" name="Default test" time="7.361" errors="0" timestamp="2023-11-26T19:26:17 IST">
  <testcase classname="com.nxtgenai.registerdemo.RegisterDemoFlow" name="launchApplication" time="7.088"/>
  <testcase classname="com.nxtgenai.registerdemo.RegisterDemoFlow" name="closeApplication" time="0.223"/>
  <testcase classname="com.nxtgenai.registerdemo.RegisterDemoFlow" name="navigateToRegisterDemoPage" time="0.0">
    <ignored/>
  </testcase> <!-- navigateToRegisterDemoPage -->
  <testcase classname="com.nxtgenai.registerdemo.RegisterDemoFlow" name="validateSuccessfulMessage" time="0.0">
    <ignored/>
  </testcase> <!-- validateSuccessfulMessage -->
  <testcase classname="com.nxtgenai.registerdemo.RegisterDemoFlow" name="registerDemo" time="0.0">
    <ignored/>
  </testcase> <!-- registerDemo -->
</testsuite> <!-- Default test -->
