<?xml version="1.0" encoding="UTF-8"?>
<!-- Generated by org.testng.reporters.JUnitXMLReporter -->
<testsuite ignored="0" hostname="DESKTOP-02HTNM8" failures="0" tests="5" name="RegisterDemo Flow" time="12.164" errors="0" timestamp="2023-11-26T19:59:48 IST">
  <testcase classname="com.nxtgenai.registerdemo.RegisterDemoFlow" name="launchApplication" time="5.897"/>
  <testcase classname="com.nxtgenai.registerdemo.RegisterDemoFlow" name="navigateToRegisterDemoPage" time="1.925"/>
  <testcase classname="com.nxtgenai.registerdemo.RegisterDemoFlow" name="registerDemo" time="3.963"/>
  <testcase classname="com.nxtgenai.registerdemo.RegisterDemoFlow" name="validateSuccessfulMessage" time="0.047"/>
  <testcase classname="com.nxtgenai.registerdemo.RegisterDemoFlow" name="closeApplication" time="0.24"/>
</testsuite> <!-- RegisterDemo Flow -->
