<?xml version="1.0" encoding="UTF-8"?>
<testng-results ignored="0" total="2" passed="2" failed="0" skipped="0">
  <reporter-output>
    <line>
      <![CDATA[Application is launched]]>
    </line>
    <line>
      <![CDATA[Application is closed]]>
    </line>
  </reporter-output>
  <suite started-at="2023-11-26T19:26:34 IST" name="Sanity Suite" finished-at="2023-11-26T19:26:46 IST" duration-ms="12178">
    <groups>
    </groups>
    <test started-at="2023-11-26T19:26:34 IST" name="RegisterDemo Flow" finished-at="2023-11-26T19:26:46 IST" duration-ms="12178">
      <class name="com.nxtgenai.registerdemo.RegisterDemoFlow">
        <test-method signature="launchApplication()[pri:1, instance:com.nxtgenai.registerdemo.RegisterDemoFlow@194eab6]" started-at="2023-11-26T19:26:34 IST" name="launchApplication" finished-at="2023-11-26T19:26:46 IST" duration-ms="11892" status="PASS">
          <reporter-output>
            <line>
              <![CDATA[Application is launched]]>
            </line>
          </reporter-output>
        </test-method> <!-- launchApplication -->
        <test-method signature="closeApplication()[pri:5, instance:com.nxtgenai.registerdemo.RegisterDemoFlow@194eab6]" started-at="2023-11-26T19:26:46 IST" name="closeApplication" finished-at="2023-11-26T19:26:46 IST" duration-ms="239" status="PASS">
          <reporter-output>
            <line>
              <![CDATA[Application is closed]]>
            </line>
          </reporter-output>
        </test-method> <!-- closeApplication -->
      </class> <!-- com.nxtgenai.registerdemo.RegisterDemoFlow -->
    </test> <!-- RegisterDemo Flow -->
  </suite> <!-- Sanity Suite -->
</testng-results>
